<?xml version="1.0" encoding="UTF-8"?>
<coverage generated="1657714926107" clover="3.2.0">
  <project timestamp="1657714926107" name="All files">
    <metrics statements="137" coveredstatements="119" conditionals="263" coveredconditionals="178" methods="35" coveredmethods="29" elements="435" coveredelements="326" complexity="0" loc="137" ncloc="137" packages="5" files="14" classes="14"/>
    <package name="components">
      <metrics statements="18" coveredstatements="18" conditionals="98" coveredconditionals="73" methods="4" coveredmethods="4"/>
      <file name="date.component.tsx" path="C:\Users\a318471.VAA\source\repos\VAA\DF\front-end-test\src\components\date.component.tsx">
        <metrics statements="9" coveredstatements="9" conditionals="30" coveredconditionals="22" methods="1" coveredmethods="1"/>
        <line num="2" count="1" type="stmt"/>
        <line num="3" count="1" type="stmt"/>
        <line num="4" count="1" type="stmt"/>
        <line num="20" count="1" type="stmt"/>
        <line num="21" count="1" type="stmt"/>
        <line num="22" count="1" type="stmt"/>
        <line num="23" count="1" type="stmt"/>
        <line num="24" count="1" type="cond" truecount="7" falsecount="3"/>
        <line num="26" count="1" type="stmt"/>
      </file>
      <file name="number.component.tsx" path="C:\Users\a318471.VAA\source\repos\VAA\DF\front-end-test\src\components\number.component.tsx">
        <metrics statements="4" coveredstatements="4" conditionals="32" coveredconditionals="24" methods="1" coveredmethods="1"/>
        <line num="2" count="1" type="stmt"/>
        <line num="3" count="1" type="stmt"/>
        <line num="15" count="1" type="stmt"/>
        <line num="16" count="2" type="stmt"/>
      </file>
      <file name="select.component.tsx" path="C:\Users\a318471.VAA\source\repos\VAA\DF\front-end-test\src\components\select.component.tsx">
        <metrics statements="5" coveredstatements="5" conditionals="36" coveredconditionals="27" methods="2" coveredmethods="2"/>
        <line num="2" count="1" type="stmt"/>
        <line num="3" count="1" type="stmt"/>
        <line num="19" count="1" type="stmt"/>
        <line num="20" count="2" type="stmt"/>
        <line num="28" count="8" type="cond" truecount="12" falsecount="4"/>
      </file>
    </package>
    <package name="components.filter">
      <metrics statements="91" coveredstatements="73" conditionals="123" coveredconditionals="73" methods="25" coveredmethods="19"/>
      <file name="facilityfilter.component.tsx" path="C:\Users\a318471.VAA\source\repos\VAA\DF\front-end-test\src\components\filter\facilityfilter.component.tsx">
        <metrics statements="7" coveredstatements="7" conditionals="14" coveredconditionals="10" methods="2" coveredmethods="2"/>
        <line num="1" count="1" type="stmt"/>
        <line num="3" count="1" type="stmt"/>
        <line num="13" count="1" type="stmt"/>
        <line num="16" count="10" type="stmt"/>
        <line num="17" count="10" type="stmt"/>
        <line num="18" count="10" type="stmt"/>
        <line num="22" count="85" type="stmt"/>
      </file>
      <file name="hotelcard.component.tsx" path="C:\Users\a318471.VAA\source\repos\VAA\DF\front-end-test\src\components\filter\hotelcard.component.tsx">
        <metrics statements="9" coveredstatements="9" conditionals="12" coveredconditionals="10" methods="2" coveredmethods="2"/>
        <line num="1" count="1" type="stmt"/>
        <line num="2" count="1" type="stmt"/>
        <line num="3" count="1" type="stmt"/>
        <line num="4" count="1" type="stmt"/>
        <line num="5" count="1" type="stmt"/>
        <line num="12" count="125" type="stmt"/>
        <line num="13" count="125" type="stmt"/>
        <line num="23" count="460" type="stmt"/>
        <line num="42" count="1" type="stmt"/>
      </file>
      <file name="hotelfilter.component.tsx" path="C:\Users\a318471.VAA\source\repos\VAA\DF\front-end-test\src\components\filter\hotelfilter.component.tsx">
        <metrics statements="66" coveredstatements="48" conditionals="83" coveredconditionals="42" methods="18" coveredmethods="12"/>
        <line num="1" count="1" type="stmt"/>
        <line num="2" count="1" type="stmt"/>
        <line num="4" count="1" type="stmt"/>
        <line num="5" count="1" type="stmt"/>
        <line num="6" count="1" type="stmt"/>
        <line num="7" count="1" type="stmt"/>
        <line num="8" count="1" type="stmt"/>
        <line num="9" count="1" type="stmt"/>
        <line num="11" count="1" type="stmt"/>
        <line num="13" count="1" type="stmt"/>
        <line num="14" count="10" type="stmt"/>
        <line num="15" count="10" type="stmt"/>
        <line num="17" count="10" type="stmt"/>
        <line num="18" count="10" type="stmt"/>
        <line num="20" count="10" type="stmt"/>
        <line num="21" count="10" type="stmt"/>
        <line num="24" count="10" type="stmt"/>
        <line num="25" count="10" type="stmt"/>
        <line num="27" count="10" type="stmt"/>
        <line num="28" count="5" type="stmt"/>
        <line num="30" count="10" type="stmt"/>
        <line num="31" count="5" type="cond" truecount="3" falsecount="0"/>
        <line num="32" count="5" type="stmt"/>
        <line num="33" count="5" type="cond" truecount="2" falsecount="0"/>
        <line num="34" count="125" type="cond" truecount="6" falsecount="2"/>
        <line num="36" count="1155" type="cond" truecount="2" falsecount="0"/>
        <line num="39" count="5" type="stmt"/>
        <line num="41" count="5" type="stmt"/>
        <line num="42" count="5" type="cond" truecount="2" falsecount="0"/>
        <line num="44" count="125" type="cond" truecount="3" falsecount="1"/>
        <line num="45" count="125" type="cond" truecount="6" falsecount="1"/>
        <line num="49" count="5" type="cond" truecount="3" falsecount="1"/>
        <line num="51" count="5" type="stmt"/>
        <line num="52" count="5" type="cond" truecount="2" falsecount="0"/>
        <line num="54" count="125" type="stmt"/>
        <line num="55" count="125" type="cond" truecount="6" falsecount="1"/>
        <line num="57" count="5" type="stmt"/>
        <line num="61" count="10" type="stmt"/>
        <line num="62" count="5" type="stmt"/>
        <line num="65" count="125" type="cond" truecount="1" falsecount="1"/>
        <line num="72" count="125" type="cond" truecount="1" falsecount="1"/>
        <line num="77" count="125" type="cond" truecount="1" falsecount="1"/>
        <line num="78" count="0" type="cond" truecount="0" falsecount="4"/>
        <line num="91" count="10" type="stmt"/>
        <line num="93" count="0" type="stmt"/>
        <line num="94" count="0" type="cond" truecount="0" falsecount="2"/>
        <line num="95" count="0" type="stmt"/>
        <line num="97" count="0" type="stmt"/>
        <line num="99" count="0" type="cond" truecount="0" falsecount="2"/>
        <line num="100" count="0" type="stmt"/>
        <line num="102" count="0" type="stmt"/>
        <line num="106" count="10" type="stmt"/>
        <line num="107" count="0" type="stmt"/>
        <line num="108" count="0" type="stmt"/>
        <line num="109" count="0" type="stmt"/>
        <line num="110" count="0" type="stmt"/>
        <line num="113" count="10" type="stmt"/>
        <line num="114" count="0" type="stmt"/>
        <line num="115" count="0" type="stmt"/>
        <line num="116" count="0" type="cond" truecount="0" falsecount="2"/>
        <line num="117" count="0" type="stmt"/>
        <line num="118" count="0" type="stmt"/>
        <line num="121" count="0" type="stmt"/>
        <line num="125" count="10" type="stmt"/>
        <line num="172" count="125" type="stmt"/>
        <line num="181" count="1" type="stmt"/>
      </file>
      <file name="starratingfilter.component.tsx" path="C:\Users\a318471.VAA\source\repos\VAA\DF\front-end-test\src\components\filter\starratingfilter.component.tsx">
        <metrics statements="9" coveredstatements="9" conditionals="14" coveredconditionals="11" methods="3" coveredmethods="3"/>
        <line num="1" count="2" type="stmt"/>
        <line num="3" count="2" type="stmt"/>
        <line num="4" count="2" type="stmt"/>
        <line num="13" count="2" type="stmt"/>
        <line num="16" count="12" type="stmt"/>
        <line num="17" count="12" type="stmt"/>
        <line num="18" count="12" type="stmt"/>
        <line num="22" count="21" type="stmt"/>
        <line num="31" count="84" type="stmt"/>
      </file>
    </package>
    <package name="components.ui">
      <metrics statements="24" coveredstatements="24" conditionals="42" coveredconditionals="32" methods="6" coveredmethods="6"/>
      <file name="box.component.tsx" path="C:\Users\a318471.VAA\source\repos\VAA\DF\front-end-test\src\components\ui\box.component.tsx">
        <metrics statements="4" coveredstatements="4" conditionals="0" coveredconditionals="0" methods="1" coveredmethods="1"/>
        <line num="1" count="1" type="stmt"/>
        <line num="2" count="1" type="stmt"/>
        <line num="8" count="10" type="stmt"/>
        <line num="11" count="1" type="stmt"/>
      </file>
      <file name="image.component.tsx" path="C:\Users\a318471.VAA\source\repos\VAA\DF\front-end-test\src\components\ui\image.component.tsx">
        <metrics statements="5" coveredstatements="5" conditionals="6" coveredconditionals="5" methods="1" coveredmethods="1"/>
        <line num="1" count="2" type="stmt"/>
        <line num="2" count="2" type="stmt"/>
        <line num="9" count="2" type="stmt"/>
        <line num="10" count="130" type="stmt"/>
        <line num="19" count="2" type="stmt"/>
      </file>
      <file name="slider.component.tsx" path="C:\Users\a318471.VAA\source\repos\VAA\DF\front-end-test\src\components\ui\slider.component.tsx">
        <metrics statements="4" coveredstatements="4" conditionals="36" coveredconditionals="27" methods="1" coveredmethods="1"/>
        <line num="1" count="2" type="stmt"/>
        <line num="2" count="2" type="stmt"/>
        <line num="15" count="15" type="stmt"/>
        <line num="39" count="2" type="stmt"/>
      </file>
      <file name="star.component.tsx" path="C:\Users\a318471.VAA\source\repos\VAA\DF\front-end-test\src\components\ui\star.component.tsx">
        <metrics statements="5" coveredstatements="5" conditionals="0" coveredconditionals="0" methods="1" coveredmethods="1"/>
        <line num="1" count="3" type="stmt"/>
        <line num="2" count="3" type="stmt"/>
        <line num="8" count="3" type="stmt"/>
        <line num="9" count="546" type="stmt"/>
        <line num="12" count="3" type="stmt"/>
      </file>
      <file name="tag.component.tsx" path="C:\Users\a318471.VAA\source\repos\VAA\DF\front-end-test\src\components\ui\tag.component.tsx">
        <metrics statements="6" coveredstatements="6" conditionals="0" coveredconditionals="0" methods="2" coveredmethods="2"/>
        <line num="1" count="2" type="stmt"/>
        <line num="3" count="2" type="stmt"/>
        <line num="8" count="2" type="stmt"/>
        <line num="9" count="131" type="stmt"/>
        <line num="10" count="131" type="stmt"/>
        <line num="12" count="1161" type="stmt"/>
      </file>
    </package>
    <package name="consts">
      <metrics statements="1" coveredstatements="1" conditionals="0" coveredconditionals="0" methods="0" coveredmethods="0"/>
      <file name="search.ts" path="C:\Users\a318471.VAA\source\repos\VAA\DF\front-end-test\src\consts\search.ts">
        <metrics statements="1" coveredstatements="1" conditionals="0" coveredconditionals="0" methods="0" coveredmethods="0"/>
        <line num="3" count="1" type="stmt"/>
      </file>
    </package>
    <package name="context">
      <metrics statements="3" coveredstatements="3" conditionals="0" coveredconditionals="0" methods="0" coveredmethods="0"/>
      <file name="holiday.context.tsx" path="C:\Users\a318471.VAA\source\repos\VAA\DF\front-end-test\src\context\holiday.context.tsx">
        <metrics statements="3" coveredstatements="3" conditionals="0" coveredconditionals="0" methods="0" coveredmethods="0"/>
        <line num="1" count="1" type="stmt"/>
        <line num="5" count="1" type="stmt"/>
        <line num="6" count="1" type="stmt"/>
      </file>
    </package>
  </project>
</coverage>
