{"C:\\Users\\a318471.VAA\\source\\repos\\VAA\\DF\\front-end-test\\src\\components\\date.component.tsx": {"path":"C:\\Users\\a318471.VAA\\source\\repos\\VAA\\DF\\front-end-test\\src\\components\\date.component.tsx","statementMap":{"0":{"start":{"line":2,"column":0},"end":{"line":2,"column":27}},"1":{"start":{"line":3,"column":0},"end":{"line":3,"column":44}},"2":{"start":{"line":4,"column":0},"end":{"line":4,"column":33}},"3":{"start":{"line":20,"column":13},"end":{"line":34,"column":2}},"4":{"start":{"line":21,"column":25},"end":{"line":21,"column":37}},"5":{"start":{"line":22,"column":14},"end":{"line":22,"column":62}},"6":{"start":{"line":23,"column":14},"end":{"line":23,"column":65}},"7":{"start":{"line":24,"column":16},"end":{"line":24,"column":140}},"8":{"start":{"line":26,"column":2},"end":{"line":33,"column":4}}},"fnMap":{"0":{"name":"(anonymous_6)","decl":{"start":{"line":20,"column":29},"end":{"line":20,"column":30}},"loc":{"start":{"line":20,"column":55},"end":{"line":34,"column":1}}}},"branchMap":{"0":{"loc":{"start":{"line":24,"column":16},"end":{"line":24,"column":140}},"type":"cond-expr","locations":[{"start":{"line":24,"column":31},"end":{"line":24,"column":89}},{"start":{"line":24,"column":92},"end":{"line":24,"column":140}}]},"1":{"loc":{"start":{"line":24,"column":16},"end":{"line":24,"column":28}},"type":"cond-expr","locations":[{"start":{"line":24,"column":21},"end":{"line":24,"column":23}},{"start":{"line":24,"column":16},"end":{"line":24,"column":28}}]},"2":{"loc":{"start":{"line":24,"column":16},"end":{"line":24,"column":23}},"type":"binary-expr","locations":[{"start":{"line":24,"column":16},"end":{"line":24,"column":23}},{"start":{"line":24,"column":16},"end":{"line":24,"column":23}}]},"3":{"loc":{"start":{"line":24,"column":51},"end":{"line":24,"column":63}},"type":"cond-expr","locations":[{"start":{"line":24,"column":56},"end":{"line":24,"column":58}},{"start":{"line":24,"column":51},"end":{"line":24,"column":63}}]},"4":{"loc":{"start":{"line":24,"column":51},"end":{"line":24,"column":58}},"type":"binary-expr","locations":[{"start":{"line":24,"column":51},"end":{"line":24,"column":58}},{"start":{"line":24,"column":51},"end":{"line":24,"column":58}}]},"5":{"loc":{"start":{"line":28,"column":18},"end":{"line":28,"column":27}},"type":"cond-expr","locations":[{"start":{"line":28,"column":23},"end":{"line":28,"column":25}},{"start":{"line":28,"column":18},"end":{"line":28,"column":27}}]},"6":{"loc":{"start":{"line":28,"column":18},"end":{"line":28,"column":25}},"type":"binary-expr","locations":[{"start":{"line":28,"column":18},"end":{"line":28,"column":25}},{"start":{"line":28,"column":18},"end":{"line":28,"column":25}}]},"7":{"loc":{"start":{"line":29,"column":10},"end":{"line":29,"column":22}},"type":"cond-expr","locations":[{"start":{"line":29,"column":15},"end":{"line":29,"column":17}},{"start":{"line":29,"column":10},"end":{"line":29,"column":22}}]},"8":{"loc":{"start":{"line":29,"column":10},"end":{"line":29,"column":17}},"type":"binary-expr","locations":[{"start":{"line":29,"column":10},"end":{"line":29,"column":17}},{"start":{"line":29,"column":10},"end":{"line":29,"column":17}}]},"9":{"loc":{"start":{"line":31,"column":31},"end":{"line":31,"column":42}},"type":"cond-expr","locations":[{"start":{"line":31,"column":36},"end":{"line":31,"column":38}},{"start":{"line":31,"column":31},"end":{"line":31,"column":42}}]},"10":{"loc":{"start":{"line":31,"column":31},"end":{"line":31,"column":38}},"type":"binary-expr","locations":[{"start":{"line":31,"column":31},"end":{"line":31,"column":38}},{"start":{"line":31,"column":31},"end":{"line":31,"column":38}}]},"11":{"loc":{"start":{"line":31,"column":48},"end":{"line":31,"column":57}},"type":"cond-expr","locations":[{"start":{"line":31,"column":53},"end":{"line":31,"column":55}},{"start":{"line":31,"column":48},"end":{"line":31,"column":57}}]},"12":{"loc":{"start":{"line":31,"column":48},"end":{"line":31,"column":55}},"type":"binary-expr","locations":[{"start":{"line":31,"column":48},"end":{"line":31,"column":55}},{"start":{"line":31,"column":48},"end":{"line":31,"column":55}}]},"13":{"loc":{"start":{"line":31,"column":103},"end":{"line":31,"column":118}},"type":"cond-expr","locations":[{"start":{"line":31,"column":108},"end":{"line":31,"column":110}},{"start":{"line":31,"column":103},"end":{"line":31,"column":118}}]},"14":{"loc":{"start":{"line":31,"column":103},"end":{"line":31,"column":110}},"type":"binary-expr","locations":[{"start":{"line":31,"column":103},"end":{"line":31,"column":110}},{"start":{"line":31,"column":103},"end":{"line":31,"column":110}}]}},"s":{"0":1,"1":1,"2":1,"3":1,"4":1,"5":1,"6":1,"7":1,"8":1},"f":{"0":1},"b":{"0":[1,0],"1":[0,1],"2":[1,1],"3":[0,1],"4":[1,1],"5":[0,1],"6":[1,1],"7":[0,1],"8":[1,1],"9":[0,1],"10":[1,1],"11":[0,1],"12":[1,1],"13":[0,1],"14":[1,1]}}
,"C:\\Users\\a318471.VAA\\source\\repos\\VAA\\DF\\front-end-test\\src\\components\\number.component.tsx": {"path":"C:\\Users\\a318471.VAA\\source\\repos\\VAA\\DF\\front-end-test\\src\\components\\number.component.tsx","statementMap":{"0":{"start":{"line":2,"column":0},"end":{"line":2,"column":27}},"1":{"start":{"line":3,"column":0},"end":{"line":3,"column":46}},"2":{"start":{"line":15,"column":13},"end":{"line":24,"column":2}},"3":{"start":{"line":16,"column":2},"end":{"line":23,"column":4}}},"fnMap":{"0":{"name":"(anonymous_6)","decl":{"start":{"line":15,"column":31},"end":{"line":15,"column":32}},"loc":{"start":{"line":15,"column":50},"end":{"line":24,"column":1}}}},"branchMap":{"0":{"loc":{"start":{"line":18,"column":18},"end":{"line":18,"column":27}},"type":"cond-expr","locations":[{"start":{"line":18,"column":23},"end":{"line":18,"column":25}},{"start":{"line":18,"column":18},"end":{"line":18,"column":27}}]},"1":{"loc":{"start":{"line":18,"column":18},"end":{"line":18,"column":25}},"type":"binary-expr","locations":[{"start":{"line":18,"column":18},"end":{"line":18,"column":25}},{"start":{"line":18,"column":18},"end":{"line":18,"column":25}}]},"2":{"loc":{"start":{"line":19,"column":10},"end":{"line":19,"column":22}},"type":"cond-expr","locations":[{"start":{"line":19,"column":15},"end":{"line":19,"column":17}},{"start":{"line":19,"column":10},"end":{"line":19,"column":22}}]},"3":{"loc":{"start":{"line":19,"column":10},"end":{"line":19,"column":17}},"type":"binary-expr","locations":[{"start":{"line":19,"column":10},"end":{"line":19,"column":17}},{"start":{"line":19,"column":10},"end":{"line":19,"column":17}}]},"4":{"loc":{"start":{"line":21,"column":33},"end":{"line":21,"column":44}},"type":"cond-expr","locations":[{"start":{"line":21,"column":38},"end":{"line":21,"column":40}},{"start":{"line":21,"column":33},"end":{"line":21,"column":44}}]},"5":{"loc":{"start":{"line":21,"column":33},"end":{"line":21,"column":40}},"type":"binary-expr","locations":[{"start":{"line":21,"column":33},"end":{"line":21,"column":40}},{"start":{"line":21,"column":33},"end":{"line":21,"column":40}}]},"6":{"loc":{"start":{"line":21,"column":50},"end":{"line":21,"column":59}},"type":"cond-expr","locations":[{"start":{"line":21,"column":55},"end":{"line":21,"column":57}},{"start":{"line":21,"column":50},"end":{"line":21,"column":59}}]},"7":{"loc":{"start":{"line":21,"column":50},"end":{"line":21,"column":57}},"type":"binary-expr","locations":[{"start":{"line":21,"column":50},"end":{"line":21,"column":57}},{"start":{"line":21,"column":50},"end":{"line":21,"column":57}}]},"8":{"loc":{"start":{"line":21,"column":66},"end":{"line":21,"column":76}},"type":"cond-expr","locations":[{"start":{"line":21,"column":71},"end":{"line":21,"column":73}},{"start":{"line":21,"column":66},"end":{"line":21,"column":76}}]},"9":{"loc":{"start":{"line":21,"column":66},"end":{"line":21,"column":73}},"type":"binary-expr","locations":[{"start":{"line":21,"column":66},"end":{"line":21,"column":73}},{"start":{"line":21,"column":66},"end":{"line":21,"column":73}}]},"10":{"loc":{"start":{"line":21,"column":83},"end":{"line":21,"column":93}},"type":"cond-expr","locations":[{"start":{"line":21,"column":88},"end":{"line":21,"column":90}},{"start":{"line":21,"column":83},"end":{"line":21,"column":93}}]},"11":{"loc":{"start":{"line":21,"column":83},"end":{"line":21,"column":90}},"type":"binary-expr","locations":[{"start":{"line":21,"column":83},"end":{"line":21,"column":90}},{"start":{"line":21,"column":83},"end":{"line":21,"column":90}}]},"12":{"loc":{"start":{"line":21,"column":102},"end":{"line":21,"column":114}},"type":"cond-expr","locations":[{"start":{"line":21,"column":107},"end":{"line":21,"column":109}},{"start":{"line":21,"column":102},"end":{"line":21,"column":114}}]},"13":{"loc":{"start":{"line":21,"column":102},"end":{"line":21,"column":109}},"type":"binary-expr","locations":[{"start":{"line":21,"column":102},"end":{"line":21,"column":109}},{"start":{"line":21,"column":102},"end":{"line":21,"column":109}}]},"14":{"loc":{"start":{"line":21,"column":126},"end":{"line":21,"column":141}},"type":"cond-expr","locations":[{"start":{"line":21,"column":131},"end":{"line":21,"column":133}},{"start":{"line":21,"column":126},"end":{"line":21,"column":141}}]},"15":{"loc":{"start":{"line":21,"column":126},"end":{"line":21,"column":133}},"type":"binary-expr","locations":[{"start":{"line":21,"column":126},"end":{"line":21,"column":133}},{"start":{"line":21,"column":126},"end":{"line":21,"column":133}}]}},"s":{"0":1,"1":1,"2":1,"3":2},"f":{"0":2},"b":{"0":[0,2],"1":[2,2],"2":[0,2],"3":[2,2],"4":[0,2],"5":[2,2],"6":[0,2],"7":[2,2],"8":[0,2],"9":[2,2],"10":[0,2],"11":[2,2],"12":[0,2],"13":[2,2],"14":[0,2],"15":[2,2]}}
,"C:\\Users\\a318471.VAA\\source\\repos\\VAA\\DF\\front-end-test\\src\\components\\select.component.tsx": {"path":"C:\\Users\\a318471.VAA\\source\\repos\\VAA\\DF\\front-end-test\\src\\components\\select.component.tsx","statementMap":{"0":{"start":{"line":2,"column":0},"end":{"line":2,"column":36}},"1":{"start":{"line":3,"column":0},"end":{"line":3,"column":46}},"2":{"start":{"line":19,"column":13},"end":{"line":33,"column":2}},"3":{"start":{"line":20,"column":2},"end":{"line":32,"column":4}},"4":{"start":{"line":28,"column":49},"end":{"line":28,"column":null}}},"fnMap":{"0":{"name":"(anonymous_6)","decl":{"start":{"line":19,"column":31},"end":{"line":19,"column":32}},"loc":{"start":{"line":19,"column":50},"end":{"line":33,"column":1}}},"1":{"name":"(anonymous_7)","decl":{"start":{"line":28,"column":29},"end":{"line":28,"column":30}},"loc":{"start":{"line":28,"column":44},"end":{"line":28,"column":57}}}},"branchMap":{"0":{"loc":{"start":{"line":22,"column":18},"end":{"line":22,"column":27}},"type":"cond-expr","locations":[{"start":{"line":22,"column":23},"end":{"line":22,"column":25}},{"start":{"line":22,"column":18},"end":{"line":22,"column":27}}]},"1":{"loc":{"start":{"line":22,"column":18},"end":{"line":22,"column":25}},"type":"binary-expr","locations":[{"start":{"line":22,"column":18},"end":{"line":22,"column":25}},{"start":{"line":22,"column":18},"end":{"line":22,"column":25}}]},"2":{"loc":{"start":{"line":23,"column":10},"end":{"line":23,"column":22}},"type":"cond-expr","locations":[{"start":{"line":23,"column":15},"end":{"line":23,"column":17}},{"start":{"line":23,"column":10},"end":{"line":23,"column":22}}]},"3":{"loc":{"start":{"line":23,"column":10},"end":{"line":23,"column":17}},"type":"binary-expr","locations":[{"start":{"line":23,"column":10},"end":{"line":23,"column":17}},{"start":{"line":23,"column":10},"end":{"line":23,"column":17}}]},"4":{"loc":{"start":{"line":25,"column":20},"end":{"line":25,"column":31}},"type":"cond-expr","locations":[{"start":{"line":25,"column":25},"end":{"line":25,"column":27}},{"start":{"line":25,"column":20},"end":{"line":25,"column":31}}]},"5":{"loc":{"start":{"line":25,"column":20},"end":{"line":25,"column":27}},"type":"binary-expr","locations":[{"start":{"line":25,"column":20},"end":{"line":25,"column":27}},{"start":{"line":25,"column":20},"end":{"line":25,"column":27}}]},"6":{"loc":{"start":{"line":25,"column":37},"end":{"line":25,"column":46}},"type":"cond-expr","locations":[{"start":{"line":25,"column":42},"end":{"line":25,"column":44}},{"start":{"line":25,"column":37},"end":{"line":25,"column":46}}]},"7":{"loc":{"start":{"line":25,"column":37},"end":{"line":25,"column":44}},"type":"binary-expr","locations":[{"start":{"line":25,"column":37},"end":{"line":25,"column":44}},{"start":{"line":25,"column":37},"end":{"line":25,"column":44}}]},"8":{"loc":{"start":{"line":25,"column":58},"end":{"line":25,"column":73}},"type":"cond-expr","locations":[{"start":{"line":25,"column":63},"end":{"line":25,"column":65}},{"start":{"line":25,"column":58},"end":{"line":25,"column":73}}]},"9":{"loc":{"start":{"line":25,"column":58},"end":{"line":25,"column":65}},"type":"binary-expr","locations":[{"start":{"line":25,"column":58},"end":{"line":25,"column":65}},{"start":{"line":25,"column":58},"end":{"line":25,"column":65}}]},"10":{"loc":{"start":{"line":28,"column":10},"end":{"line":28,"column":null}},"type":"cond-expr","locations":[{"start":{"line":28,"column":15},"end":{"line":28,"column":17}},{"start":{"line":28,"column":10},"end":{"line":28,"column":null}}]},"11":{"loc":{"start":{"line":28,"column":10},"end":{"line":28,"column":17}},"type":"binary-expr","locations":[{"start":{"line":28,"column":10},"end":{"line":28,"column":17}},{"start":{"line":28,"column":10},"end":{"line":28,"column":17}}]},"12":{"loc":{"start":{"line":28,"column":64},"end":{"line":28,"column":77}},"type":"cond-expr","locations":[{"start":{"line":28,"column":70},"end":{"line":28,"column":72}},{"start":{"line":28,"column":64},"end":{"line":28,"column":77}}]},"13":{"loc":{"start":{"line":28,"column":64},"end":{"line":28,"column":72}},"type":"binary-expr","locations":[{"start":{"line":28,"column":64},"end":{"line":28,"column":72}},{"start":{"line":28,"column":64},"end":{"line":28,"column":72}}]},"14":{"loc":{"start":{"line":28,"column":106},"end":{"line":28,"column":118}},"type":"cond-expr","locations":[{"start":{"line":28,"column":111},"end":{"line":28,"column":113}},{"start":{"line":28,"column":106},"end":{"line":28,"column":118}}]},"15":{"loc":{"start":{"line":28,"column":106},"end":{"line":28,"column":113}},"type":"binary-expr","locations":[{"start":{"line":28,"column":106},"end":{"line":28,"column":113}},{"start":{"line":28,"column":106},"end":{"line":28,"column":113}}]},"16":{"loc":{"start":{"line":28,"column":121},"end":{"line":28,"column":140}},"type":"cond-expr","locations":[{"start":{"line":28,"column":127},"end":{"line":28,"column":129}},{"start":{"line":28,"column":121},"end":{"line":28,"column":140}}]},"17":{"loc":{"start":{"line":28,"column":121},"end":{"line":28,"column":129}},"type":"binary-expr","locations":[{"start":{"line":28,"column":121},"end":{"line":28,"column":129}},{"start":{"line":28,"column":121},"end":{"line":28,"column":129}}]}},"s":{"0":1,"1":1,"2":1,"3":2,"4":8},"f":{"0":2,"1":8},"b":{"0":[0,2],"1":[2,2],"2":[0,2],"3":[2,2],"4":[0,2],"5":[2,2],"6":[0,2],"7":[2,2],"8":[0,2],"9":[2,2],"10":[0,2],"11":[2,2],"12":[0,8],"13":[8,8],"14":[0,8],"15":[8,8],"16":[0,8],"17":[8,8]}}
,"C:\\Users\\a318471.VAA\\source\\repos\\VAA\\DF\\front-end-test\\src\\components\\filter\\facilityfilter.component.tsx": {"path":"C:\\Users\\a318471.VAA\\source\\repos\\VAA\\DF\\front-end-test\\src\\components\\filter\\facilityfilter.component.tsx","statementMap":{"0":{"start":{"line":1,"column":0},"end":{"line":1,"column":32}},"1":{"start":{"line":3,"column":0},"end":{"line":3,"column":55}},"2":{"start":{"line":16,"column":36},"end":{"line":16,"column":57}},"3":{"start":{"line":17,"column":39},"end":{"line":17,"column":63}},"4":{"start":{"line":18,"column":2},"end":{"line":34,"column":4}},"5":{"start":{"line":22,"column":43},"end":{"line":31,"column":10}},"6":{"start":{"line":13,"column":0},"end":{"line":13,"column":24}}},"fnMap":{"0":{"name":"FacilityFilterComponent","decl":{"start":{"line":13,"column":24},"end":{"line":13,"column":47}},"loc":{"start":{"line":14,"column":28},"end":{"line":35,"column":1}}},"1":{"name":"(anonymous_7)","decl":{"start":{"line":22,"column":29},"end":{"line":22,"column":30}},"loc":{"start":{"line":22,"column":38},"end":{"line":22,"column":null}}}},"branchMap":{"0":{"loc":{"start":{"line":20,"column":18},"end":{"line":20,"column":27}},"type":"cond-expr","locations":[{"start":{"line":20,"column":23},"end":{"line":20,"column":25}},{"start":{"line":20,"column":18},"end":{"line":20,"column":27}}]},"1":{"loc":{"start":{"line":20,"column":18},"end":{"line":20,"column":25}},"type":"binary-expr","locations":[{"start":{"line":20,"column":18},"end":{"line":20,"column":25}},{"start":{"line":20,"column":18},"end":{"line":20,"column":25}}]},"2":{"loc":{"start":{"line":20,"column":30},"end":{"line":20,"column":42}},"type":"cond-expr","locations":[{"start":{"line":20,"column":35},"end":{"line":20,"column":37}},{"start":{"line":20,"column":30},"end":{"line":20,"column":42}}]},"3":{"loc":{"start":{"line":20,"column":30},"end":{"line":20,"column":37}},"type":"binary-expr","locations":[{"start":{"line":20,"column":30},"end":{"line":20,"column":37}},{"start":{"line":20,"column":30},"end":{"line":20,"column":37}}]},"4":{"loc":{"start":{"line":21,"column":38},"end":{"line":21,"column":47}},"type":"cond-expr","locations":[{"start":{"line":21,"column":43},"end":{"line":21,"column":45}},{"start":{"line":21,"column":38},"end":{"line":21,"column":47}}]},"5":{"loc":{"start":{"line":21,"column":38},"end":{"line":21,"column":45}},"type":"binary-expr","locations":[{"start":{"line":21,"column":38},"end":{"line":21,"column":45}},{"start":{"line":21,"column":38},"end":{"line":21,"column":45}}]},"6":{"loc":{"start":{"line":25,"column":14},"end":{"line":25,"column":70}},"type":"binary-expr","locations":[{"start":{"line":25,"column":14},"end":{"line":25,"column":51}},{"start":{"line":25,"column":55},"end":{"line":25,"column":70}}]}},"s":{"0":1,"1":1,"2":10,"3":10,"4":10,"5":85,"6":1},"f":{"0":10,"1":85},"b":{"0":[0,10],"1":[10,10],"2":[0,10],"3":[10,10],"4":[0,10],"5":[10,10],"6":[85,0]}}
,"C:\\Users\\a318471.VAA\\source\\repos\\VAA\\DF\\front-end-test\\src\\components\\filter\\hotelcard.component.tsx": {"path":"C:\\Users\\a318471.VAA\\source\\repos\\VAA\\DF\\front-end-test\\src\\components\\filter\\hotelcard.component.tsx","statementMap":{"0":{"start":{"line":1,"column":0},"end":{"line":1,"column":32}},"1":{"start":{"line":2,"column":0},"end":{"line":2,"column":50}},"2":{"start":{"line":3,"column":0},"end":{"line":3,"column":51}},"3":{"start":{"line":4,"column":0},"end":{"line":4,"column":49}},"4":{"start":{"line":5,"column":0},"end":{"line":5,"column":47}},"5":{"start":{"line":12,"column":27},"end":{"line":12,"column":40}},"6":{"start":{"line":13,"column":2},"end":{"line":39,"column":4}},"7":{"start":{"line":23,"column":79},"end":{"line":25,"column":14}},"8":{"start":{"line":42,"column":0},"end":{"line":42,"column":34}}},"fnMap":{"0":{"name":"HotelCardComponent","decl":{"start":{"line":11,"column":9},"end":{"line":11,"column":27}},"loc":{"start":{"line":11,"column":49},"end":{"line":40,"column":1}}},"1":{"name":"(anonymous_10)","decl":{"start":{"line":23,"column":69},"end":{"line":23,"column":70}},"loc":{"start":{"line":23,"column":74},"end":{"line":23,"column":null}}}},"branchMap":{"0":{"loc":{"start":{"line":22,"column":11},"end":{"line":25,"column":14}},"type":"binary-expr","locations":[{"start":{"line":22,"column":11},"end":{"line":22,"column":44}},{"start":{"line":23,"column":12},"end":{"line":25,"column":14}}]},"1":{"loc":{"start":{"line":22,"column":11},"end":{"line":22,"column":44}},"type":"cond-expr","locations":[{"start":{"line":22,"column":32},"end":{"line":22,"column":34}},{"start":{"line":22,"column":32},"end":{"line":22,"column":44}}]},"2":{"loc":{"start":{"line":22,"column":11},"end":{"line":22,"column":34}},"type":"binary-expr","locations":[{"start":{"line":22,"column":11},"end":{"line":22,"column":34}},{"start":{"line":22,"column":32},"end":{"line":22,"column":34}}]},"3":{"loc":{"start":{"line":32,"column":9},"end":{"line":33,"column":70}},"type":"binary-expr","locations":[{"start":{"line":32,"column":9},"end":{"line":32,"column":48}},{"start":{"line":33,"column":10},"end":{"line":33,"column":70}}]},"4":{"loc":{"start":{"line":32,"column":9},"end":{"line":32,"column":48}},"type":"cond-expr","locations":[{"start":{"line":32,"column":30},"end":{"line":32,"column":32}},{"start":{"line":32,"column":30},"end":{"line":32,"column":48}}]},"5":{"loc":{"start":{"line":32,"column":9},"end":{"line":32,"column":32}},"type":"binary-expr","locations":[{"start":{"line":32,"column":9},"end":{"line":32,"column":32}},{"start":{"line":32,"column":30},"end":{"line":32,"column":32}}]}},"s":{"0":1,"1":1,"2":1,"3":1,"4":1,"5":125,"6":125,"7":460,"8":1},"f":{"0":125,"1":460},"b":{"0":[125,105],"1":[0,125],"2":[125,125],"3":[125,110],"4":[0,125],"5":[125,125]}}
,"C:\\Users\\a318471.VAA\\source\\repos\\VAA\\DF\\front-end-test\\src\\components\\filter\\hotelfilter.component.tsx": {"path":"C:\\Users\\a318471.VAA\\source\\repos\\VAA\\DF\\front-end-test\\src\\components\\filter\\hotelfilter.component.tsx","statementMap":{"0":{"start":{"line":1,"column":0},"end":{"line":1,"column":32}},"1":{"start":{"line":2,"column":0},"end":{"line":2,"column":63}},"2":{"start":{"line":4,"column":0},"end":{"line":4,"column":52}},"3":{"start":{"line":5,"column":0},"end":{"line":5,"column":47}},"4":{"start":{"line":6,"column":0},"end":{"line":6,"column":55}},"5":{"start":{"line":7,"column":0},"end":{"line":7,"column":65}},"6":{"start":{"line":8,"column":0},"end":{"line":8,"column":53}},"7":{"start":{"line":9,"column":0},"end":{"line":9,"column":69}},"8":{"start":{"line":11,"column":0},"end":{"line":11,"column":63}},"9":{"start":{"line":13,"column":29},"end":{"line":180,"column":1}},"10":{"start":{"line":14,"column":19},"end":{"line":14,"column":45}},"11":{"start":{"line":15,"column":8},"end":{"line":15,"column":80}},"12":{"start":{"line":15,"column":28},"end":{"line":15,"column":30}},"13":{"start":{"line":15,"column":52},"end":{"line":15,"column":56}},"14":{"start":{"line":17,"column":8},"end":{"line":17,"column":71}},"15":{"start":{"line":17,"column":24},"end":{"line":17,"column":26}},"16":{"start":{"line":17,"column":44},"end":{"line":17,"column":48}},"17":{"start":{"line":18,"column":8},"end":{"line":18,"column":77}},"18":{"start":{"line":18,"column":27},"end":{"line":18,"column":29}},"19":{"start":{"line":18,"column":50},"end":{"line":18,"column":54}},"20":{"start":{"line":20,"column":8},"end":{"line":20,"column":69}},"21":{"start":{"line":20,"column":23},"end":{"line":20,"column":25}},"22":{"start":{"line":20,"column":42},"end":{"line":20,"column":46}},"23":{"start":{"line":21,"column":8},"end":{"line":22,"column":24}},"24":{"start":{"line":21,"column":31},"end":{"line":21,"column":33}},"25":{"start":{"line":21,"column":58},"end":{"line":21,"column":null}},"26":{"start":{"line":24,"column":8},"end":{"line":24,"column":71}},"27":{"start":{"line":24,"column":24},"end":{"line":24,"column":26}},"28":{"start":{"line":24,"column":44},"end":{"line":24,"column":48}},"29":{"start":{"line":25,"column":8},"end":{"line":25,"column":77}},"30":{"start":{"line":25,"column":27},"end":{"line":25,"column":29}},"31":{"start":{"line":25,"column":50},"end":{"line":25,"column":54}},"32":{"start":{"line":27,"column":2},"end":{"line":29,"column":9}},"33":{"start":{"line":28,"column":4},"end":{"line":28,"column":37}},"34":{"start":{"line":30,"column":2},"end":{"line":59,"column":17}},"35":{"start":{"line":31,"column":4},"end":{"line":58,"column":null}},"36":{"start":{"line":32,"column":35},"end":{"line":32,"column":37}},"37":{"start":{"line":33,"column":6},"end":{"line":38,"column":10}},"38":{"start":{"line":34,"column":28},"end":{"line":36,"column":null}},"39":{"start":{"line":36,"column":12},"end":{"line":36,"column":null}},"40":{"start":{"line":39,"column":6},"end":{"line":39,"column":44}},"41":{"start":{"line":41,"column":32},"end":{"line":41,"column":34}},"42":{"start":{"line":42,"column":6},"end":{"line":48,"column":11}},"43":{"start":{"line":44,"column":22},"end":{"line":44,"column":61}},"44":{"start":{"line":45,"column":10},"end":{"line":47,"column":33}},"45":{"start":{"line":49,"column":6},"end":{"line":49,"column":42}},"46":{"start":{"line":51,"column":31},"end":{"line":51,"column":33}},"47":{"start":{"line":52,"column":6},"end":{"line":56,"column":11}},"48":{"start":{"line":54,"column":32},"end":{"line":54,"column":49}},"49":{"start":{"line":55,"column":10},"end":{"line":55,"column":78}},"50":{"start":{"line":57,"column":6},"end":{"line":57,"column":32}},"51":{"start":{"line":61,"column":2},"end":{"line":89,"column":5}},"52":{"start":{"line":62,"column":4},"end":{"line":83,"column":6}},"53":{"start":{"line":65,"column":10},"end":{"line":69,"column":null}},"54":{"start":{"line":72,"column":10},"end":{"line":74,"column":null}},"55":{"start":{"line":77,"column":10},"end":{"line":81,"column":null}},"56":{"start":{"line":78,"column":48},"end":{"line":79,"column":74}},"57":{"start":{"line":91,"column":33},"end":{"line":104,"column":3}},"58":{"start":{"line":93,"column":19},"end":{"line":93,"column":42}},"59":{"start":{"line":94,"column":4},"end":{"line":98,"column":null}},"60":{"start":{"line":95,"column":6},"end":{"line":95,"column":69}},"61":{"start":{"line":97,"column":6},"end":{"line":97,"column":55}},"62":{"start":{"line":99,"column":4},"end":{"line":103,"column":null}},"63":{"start":{"line":100,"column":6},"end":{"line":100,"column":80}},"64":{"start":{"line":100,"column":63},"end":{"line":100,"column":78}},"65":{"start":{"line":102,"column":6},"end":{"line":102,"column":61}},"66":{"start":{"line":106,"column":28},"end":{"line":111,"column":3}},"67":{"start":{"line":107,"column":19},"end":{"line":107,"column":52}},"68":{"start":{"line":108,"column":34},"end":{"line":108,"column":54}},"69":{"start":{"line":109,"column":4},"end":{"line":109,"column":45}},"70":{"start":{"line":110,"column":4},"end":{"line":110,"column":30}},"71":{"start":{"line":113,"column":33},"end":{"line":123,"column":3}},"72":{"start":{"line":114,"column":19},"end":{"line":114,"column":42}},"73":{"start":{"line":115,"column":35},"end":{"line":115,"column":51}},"74":{"start":{"line":116,"column":4},"end":{"line":122,"column":null}},"75":{"start":{"line":117,"column":6},"end":{"line":119,"column":8}},"76":{"start":{"line":118,"column":43},"end":{"line":118,"column":68}},"77":{"start":{"line":121,"column":6},"end":{"line":121,"column":71}},"78":{"start":{"line":125,"column":2},"end":{"line":179,"column":4}},"79":{"start":{"line":172,"column":50},"end":{"line":174,"column":14}},"80":{"start":{"line":181,"column":0},"end":{"line":181,"column":36}}},"fnMap":{"0":{"name":"(anonymous_9)","decl":{"start":{"line":13,"column":29},"end":{"line":13,"column":null}},"loc":{"start":{"line":13,"column":29},"end":{"line":180,"column":1}}},"1":{"name":"(anonymous_10)","decl":{"start":{"line":27,"column":12},"end":{"line":27,"column":null}},"loc":{"start":{"line":27,"column":12},"end":{"line":29,"column":3}}},"2":{"name":"(anonymous_11)","decl":{"start":{"line":30,"column":12},"end":{"line":30,"column":null}},"loc":{"start":{"line":30,"column":12},"end":{"line":59,"column":3}}},"3":{"name":"(anonymous_12)","decl":{"start":{"line":34,"column":25},"end":{"line":34,"column":26}},"loc":{"start":{"line":34,"column":28},"end":{"line":36,"column":null}}},"4":{"name":"(anonymous_13)","decl":{"start":{"line":35,"column":54},"end":{"line":35,"column":55}},"loc":{"start":{"line":35,"column":57},"end":{"line":36,"column":13}}},"5":{"name":"(anonymous_14)","decl":{"start":{"line":43,"column":25},"end":{"line":43,"column":26}},"loc":{"start":{"line":43,"column":28},"end":{"line":48,"column":9}}},"6":{"name":"(anonymous_15)","decl":{"start":{"line":53,"column":25},"end":{"line":53,"column":26}},"loc":{"start":{"line":53,"column":28},"end":{"line":56,"column":9}}},"7":{"name":"(anonymous_16)","decl":{"start":{"line":61,"column":12},"end":{"line":61,"column":null}},"loc":{"start":{"line":61,"column":12},"end":{"line":84,"column":3}}},"8":{"name":"(anonymous_17)","decl":{"start":{"line":64,"column":16},"end":{"line":64,"column":17}},"loc":{"start":{"line":64,"column":24},"end":{"line":69,"column":null}}},"9":{"name":"(anonymous_18)","decl":{"start":{"line":71,"column":16},"end":{"line":71,"column":17}},"loc":{"start":{"line":71,"column":24},"end":{"line":72,"column":32}}},"10":{"name":"(anonymous_19)","decl":{"start":{"line":76,"column":16},"end":{"line":76,"column":17}},"loc":{"start":{"line":76,"column":24},"end":{"line":77,"column":28}}},"11":{"name":"(anonymous_20)","decl":{"start":{"line":78,"column":39},"end":{"line":78,"column":40}},"loc":{"start":{"line":78,"column":48},"end":{"line":79,"column":74}}},"12":{"name":"(anonymous_21)","decl":{"start":{"line":91,"column":33},"end":{"line":91,"column":34}},"loc":{"start":{"line":91,"column":46},"end":{"line":104,"column":3}}},"13":{"name":"(anonymous_22)","decl":{"start":{"line":100,"column":54},"end":{"line":100,"column":55}},"loc":{"start":{"line":100,"column":58},"end":{"line":100,"column":66}}},"14":{"name":"(anonymous_23)","decl":{"start":{"line":106,"column":28},"end":{"line":106,"column":29}},"loc":{"start":{"line":106,"column":41},"end":{"line":111,"column":3}}},"15":{"name":"(anonymous_24)","decl":{"start":{"line":113,"column":33},"end":{"line":113,"column":34}},"loc":{"start":{"line":113,"column":46},"end":{"line":123,"column":3}}},"16":{"name":"(anonymous_25)","decl":{"start":{"line":118,"column":34},"end":{"line":118,"column":35}},"loc":{"start":{"line":118,"column":38},"end":{"line":118,"column":46}}},"17":{"name":"(anonymous_26)","decl":{"start":{"line":172,"column":37},"end":{"line":172,"column":38}},"loc":{"start":{"line":172,"column":45},"end":{"line":172,"column":null}}}},"branchMap":{"0":{"loc":{"start":{"line":31,"column":4},"end":{"line":58,"column":null}},"type":"if","locations":[{"start":{"line":31,"column":4},"end":{"line":58,"column":null}}]},"1":{"loc":{"start":{"line":31,"column":8},"end":{"line":31,"column":39}},"type":"binary-expr","locations":[{"start":{"line":31,"column":8},"end":{"line":31,"column":16}},{"start":{"line":31,"column":20},"end":{"line":31,"column":39}}]},"2":{"loc":{"start":{"line":33,"column":6},"end":{"line":37,"column":null}},"type":"binary-expr","locations":[{"start":{"line":33,"column":6},"end":{"line":33,"column":14}},{"start":{"line":34,"column":8},"end":{"line":37,"column":null}}]},"3":{"loc":{"start":{"line":34,"column":28},"end":{"line":36,"column":null}},"type":"cond-expr","locations":[{"start":{"line":35,"column":28},"end":{"line":35,"column":30}},{"start":{"line":35,"column":28},"end":{"line":36,"column":null}}]},"4":{"loc":{"start":{"line":34,"column":28},"end":{"line":35,"column":30}},"type":"binary-expr","locations":[{"start":{"line":34,"column":28},"end":{"line":35,"column":30}},{"start":{"line":35,"column":28},"end":{"line":35,"column":30}}]},"5":{"loc":{"start":{"line":34,"column":28},"end":{"line":35,"column":28}},"type":"cond-expr","locations":[{"start":{"line":35,"column":19},"end":{"line":35,"column":21}},{"start":{"line":35,"column":19},"end":{"line":35,"column":28}}]},"6":{"loc":{"start":{"line":34,"column":28},"end":{"line":35,"column":21}},"type":"binary-expr","locations":[{"start":{"line":34,"column":28},"end":{"line":35,"column":21}},{"start":{"line":35,"column":19},"end":{"line":35,"column":21}}]},"7":{"loc":{"start":{"line":35,"column":10},"end":{"line":35,"column":19}},"type":"cond-expr","locations":[{"start":{"line":35,"column":12},"end":{"line":35,"column":14}},{"start":{"line":35,"column":10},"end":{"line":35,"column":19}}]},"8":{"loc":{"start":{"line":35,"column":10},"end":{"line":35,"column":14}},"type":"binary-expr","locations":[{"start":{"line":35,"column":10},"end":{"line":35,"column":14}},{"start":{"line":35,"column":10},"end":{"line":35,"column":14}}]},"9":{"loc":{"start":{"line":36,"column":12},"end":{"line":36,"column":63}},"type":"cond-expr","locations":[{"start":{"line":36,"column":39},"end":{"line":36,"column":58}},{"start":{"line":36,"column":61},"end":{"line":36,"column":63}}]},"10":{"loc":{"start":{"line":42,"column":6},"end":{"line":48,"column":10}},"type":"binary-expr","locations":[{"start":{"line":42,"column":6},"end":{"line":42,"column":14}},{"start":{"line":43,"column":8},"end":{"line":48,"column":10}}]},"11":{"loc":{"start":{"line":44,"column":22},"end":{"line":44,"column":61}},"type":"cond-expr","locations":[{"start":{"line":44,"column":49},"end":{"line":44,"column":51}},{"start":{"line":44,"column":49},"end":{"line":44,"column":61}}]},"12":{"loc":{"start":{"line":44,"column":22},"end":{"line":44,"column":51}},"type":"binary-expr","locations":[{"start":{"line":44,"column":22},"end":{"line":44,"column":51}},{"start":{"line":44,"column":49},"end":{"line":44,"column":51}}]},"13":{"loc":{"start":{"line":45,"column":10},"end":{"line":47,"column":32}},"type":"binary-expr","locations":[{"start":{"line":45,"column":10},"end":{"line":45,"column":38}},{"start":{"line":46,"column":12},"end":{"line":46,"column":37}},{"start":{"line":47,"column":12},"end":{"line":47,"column":32}}]},"14":{"loc":{"start":{"line":45,"column":10},"end":{"line":45,"column":38}},"type":"cond-expr","locations":[{"start":{"line":45,"column":26},"end":{"line":45,"column":28}},{"start":{"line":45,"column":26},"end":{"line":45,"column":38}}]},"15":{"loc":{"start":{"line":45,"column":10},"end":{"line":45,"column":28}},"type":"binary-expr","locations":[{"start":{"line":45,"column":10},"end":{"line":45,"column":28}},{"start":{"line":45,"column":26},"end":{"line":45,"column":28}}]},"16":{"loc":{"start":{"line":49,"column":25},"end":{"line":49,"column":41}},"type":"cond-expr","locations":[{"start":{"line":49,"column":32},"end":{"line":49,"column":34}},{"start":{"line":49,"column":25},"end":{"line":49,"column":41}}]},"17":{"loc":{"start":{"line":49,"column":25},"end":{"line":49,"column":34}},"type":"binary-expr","locations":[{"start":{"line":49,"column":25},"end":{"line":49,"column":34}},{"start":{"line":49,"column":25},"end":{"line":49,"column":34}}]},"18":{"loc":{"start":{"line":52,"column":6},"end":{"line":56,"column":10}},"type":"binary-expr","locations":[{"start":{"line":52,"column":6},"end":{"line":52,"column":14}},{"start":{"line":53,"column":8},"end":{"line":56,"column":10}}]},"19":{"loc":{"start":{"line":55,"column":10},"end":{"line":55,"column":77}},"type":"binary-expr","locations":[{"start":{"line":55,"column":10},"end":{"line":55,"column":28}},{"start":{"line":55,"column":32},"end":{"line":55,"column":55}},{"start":{"line":55,"column":59},"end":{"line":55,"column":77}}]},"20":{"loc":{"start":{"line":55,"column":10},"end":{"line":55,"column":28}},"type":"cond-expr","locations":[{"start":{"line":55,"column":12},"end":{"line":55,"column":14}},{"start":{"line":55,"column":10},"end":{"line":55,"column":28}}]},"21":{"loc":{"start":{"line":55,"column":10},"end":{"line":55,"column":14}},"type":"binary-expr","locations":[{"start":{"line":55,"column":10},"end":{"line":55,"column":14}},{"start":{"line":55,"column":10},"end":{"line":55,"column":14}}]},"22":{"loc":{"start":{"line":65,"column":10},"end":{"line":69,"column":21}},"type":"cond-expr","locations":[{"start":{"line":66,"column":14},"end":{"line":67,"column":null}},{"start":{"line":69,"column":14},"end":{"line":69,"column":21}}]},"23":{"loc":{"start":{"line":66,"column":41},"end":{"line":67,"column":null}},"type":"cond-expr","locations":[{"start":{"line":67,"column":51},"end":{"line":67,"column":53}},{"start":{"line":67,"column":51},"end":{"line":67,"column":null}}]},"24":{"loc":{"start":{"line":66,"column":41},"end":{"line":67,"column":53}},"type":"binary-expr","locations":[{"start":{"line":66,"column":41},"end":{"line":67,"column":53}},{"start":{"line":67,"column":51},"end":{"line":67,"column":53}}]},"25":{"loc":{"start":{"line":66,"column":41},"end":{"line":67,"column":51}},"type":"cond-expr","locations":[{"start":{"line":67,"column":39},"end":{"line":67,"column":41}},{"start":{"line":67,"column":39},"end":{"line":67,"column":51}}]},"26":{"loc":{"start":{"line":66,"column":41},"end":{"line":67,"column":41}},"type":"binary-expr","locations":[{"start":{"line":66,"column":41},"end":{"line":67,"column":41}},{"start":{"line":67,"column":39},"end":{"line":67,"column":41}}]},"27":{"loc":{"start":{"line":66,"column":41},"end":{"line":67,"column":39}},"type":"cond-expr","locations":[{"start":{"line":67,"column":30},"end":{"line":67,"column":32}},{"start":{"line":67,"column":30},"end":{"line":67,"column":39}}]},"28":{"loc":{"start":{"line":66,"column":41},"end":{"line":67,"column":32}},"type":"binary-expr","locations":[{"start":{"line":66,"column":41},"end":{"line":67,"column":32}},{"start":{"line":67,"column":30},"end":{"line":67,"column":32}}]},"29":{"loc":{"start":{"line":67,"column":16},"end":{"line":67,"column":30}},"type":"cond-expr","locations":[{"start":{"line":67,"column":23},"end":{"line":67,"column":25}},{"start":{"line":67,"column":16},"end":{"line":67,"column":30}}]},"30":{"loc":{"start":{"line":67,"column":16},"end":{"line":67,"column":25}},"type":"binary-expr","locations":[{"start":{"line":67,"column":16},"end":{"line":67,"column":25}},{"start":{"line":67,"column":16},"end":{"line":67,"column":25}}]},"31":{"loc":{"start":{"line":72,"column":10},"end":{"line":74,"column":21}},"type":"cond-expr","locations":[{"start":{"line":73,"column":14},"end":{"line":73,"column":70}},{"start":{"line":74,"column":14},"end":{"line":74,"column":21}}]},"32":{"loc":{"start":{"line":77,"column":10},"end":{"line":81,"column":21}},"type":"cond-expr","locations":[{"start":{"line":78,"column":14},"end":{"line":79,"column":null}},{"start":{"line":81,"column":14},"end":{"line":81,"column":21}}]},"33":{"loc":{"start":{"line":78,"column":48},"end":{"line":79,"column":74}},"type":"cond-expr","locations":[{"start":{"line":79,"column":30},"end":{"line":79,"column":32}},{"start":{"line":79,"column":30},"end":{"line":79,"column":74}}]},"34":{"loc":{"start":{"line":78,"column":48},"end":{"line":79,"column":32}},"type":"binary-expr","locations":[{"start":{"line":78,"column":48},"end":{"line":79,"column":32}},{"start":{"line":79,"column":30},"end":{"line":79,"column":32}}]},"35":{"loc":{"start":{"line":79,"column":16},"end":{"line":79,"column":30}},"type":"cond-expr","locations":[{"start":{"line":79,"column":23},"end":{"line":79,"column":25}},{"start":{"line":79,"column":16},"end":{"line":79,"column":30}}]},"36":{"loc":{"start":{"line":79,"column":16},"end":{"line":79,"column":25}},"type":"binary-expr","locations":[{"start":{"line":79,"column":16},"end":{"line":79,"column":25}},{"start":{"line":79,"column":16},"end":{"line":79,"column":25}}]},"37":{"loc":{"start":{"line":94,"column":4},"end":{"line":98,"column":null}},"type":"if","locations":[{"start":{"line":94,"column":4},"end":{"line":98,"column":null}},{"start":{"line":96,"column":11},"end":{"line":98,"column":null}}]},"38":{"loc":{"start":{"line":99,"column":4},"end":{"line":103,"column":null}},"type":"if","locations":[{"start":{"line":99,"column":4},"end":{"line":103,"column":null}},{"start":{"line":101,"column":11},"end":{"line":103,"column":null}}]},"39":{"loc":{"start":{"line":116,"column":4},"end":{"line":122,"column":null}},"type":"if","locations":[{"start":{"line":116,"column":4},"end":{"line":122,"column":null}},{"start":{"line":120,"column":11},"end":{"line":122,"column":null}}]},"40":{"loc":{"start":{"line":143,"column":14},"end":{"line":145,"column":56}},"type":"cond-expr","locations":[{"start":{"line":144,"column":18},"end":{"line":144,"column":51}},{"start":{"line":145,"column":18},"end":{"line":145,"column":56}}]}},"s":{"0":1,"1":1,"2":1,"3":1,"4":1,"5":1,"6":1,"7":1,"8":1,"9":1,"10":10,"11":10,"12":10,"13":10,"14":10,"15":10,"16":10,"17":10,"18":10,"19":10,"20":10,"21":10,"22":10,"23":10,"24":10,"25":10,"26":10,"27":10,"28":10,"29":10,"30":10,"31":10,"32":10,"33":5,"34":10,"35":5,"36":5,"37":5,"38":125,"39":1155,"40":5,"41":5,"42":5,"43":125,"44":125,"45":5,"46":5,"47":5,"48":125,"49":125,"50":5,"51":10,"52":5,"53":125,"54":125,"55":125,"56":0,"57":10,"58":0,"59":0,"60":0,"61":0,"62":0,"63":0,"64":0,"65":0,"66":10,"67":0,"68":0,"69":0,"70":0,"71":10,"72":0,"73":0,"74":0,"75":0,"76":0,"77":0,"78":10,"79":125,"80":1},"f":{"0":10,"1":5,"2":5,"3":125,"4":1155,"5":125,"6":125,"7":5,"8":125,"9":125,"10":125,"11":0,"12":0,"13":0,"14":0,"15":0,"16":0,"17":125},"b":{"0":[5],"1":[5,5],"2":[5,5],"3":[0,125],"4":[125,125],"5":[0,125],"6":[125,125],"7":[0,125],"8":[125,125],"9":[85,1070],"10":[5,5],"11":[0,125],"12":[125,125],"13":[125,105,15],"14":[0,125],"15":[125,125],"16":[0,5],"17":[5,5],"18":[5,5],"19":[125,125,115],"20":[0,125],"21":[125,125],"22":[0,125],"23":[0,0],"24":[0,0],"25":[0,0],"26":[0,0],"27":[0,0],"28":[0,0],"29":[0,0],"30":[0,0],"31":[0,125],"32":[0,125],"33":[0,0],"34":[0,0],"35":[0,0],"36":[0,0],"37":[0,0],"38":[0,0],"39":[0,0],"40":[0,10]}}
,"C:\\Users\\a318471.VAA\\source\\repos\\VAA\\DF\\front-end-test\\src\\components\\filter\\starratingfilter.component.tsx": {"path":"C:\\Users\\a318471.VAA\\source\\repos\\VAA\\DF\\front-end-test\\src\\components\\filter\\starratingfilter.component.tsx","statementMap":{"0":{"start":{"line":1,"column":0},"end":{"line":1,"column":32}},"1":{"start":{"line":3,"column":0},"end":{"line":3,"column":57}},"2":{"start":{"line":4,"column":0},"end":{"line":4,"column":49}},"3":{"start":{"line":16,"column":32},"end":{"line":16,"column":49}},"4":{"start":{"line":17,"column":39},"end":{"line":17,"column":64}},"5":{"start":{"line":18,"column":2},"end":{"line":38,"column":4}},"6":{"start":{"line":22,"column":37},"end":{"line":35,"column":10}},"7":{"start":{"line":31,"column":54},"end":{"line":33,"column":14}},"8":{"start":{"line":13,"column":0},"end":{"line":13,"column":24}}},"fnMap":{"0":{"name":"StarRatingFilterComponent","decl":{"start":{"line":13,"column":24},"end":{"line":13,"column":49}},"loc":{"start":{"line":14,"column":30},"end":{"line":39,"column":1}}},"1":{"name":"(anonymous_10)","decl":{"start":{"line":22,"column":25},"end":{"line":22,"column":26}},"loc":{"start":{"line":22,"column":32},"end":{"line":22,"column":null}}},"2":{"name":"(anonymous_11)","decl":{"start":{"line":31,"column":44},"end":{"line":31,"column":45}},"loc":{"start":{"line":31,"column":49},"end":{"line":31,"column":null}}}},"branchMap":{"0":{"loc":{"start":{"line":20,"column":18},"end":{"line":20,"column":27}},"type":"cond-expr","locations":[{"start":{"line":20,"column":23},"end":{"line":20,"column":25}},{"start":{"line":20,"column":18},"end":{"line":20,"column":27}}]},"1":{"loc":{"start":{"line":20,"column":18},"end":{"line":20,"column":25}},"type":"binary-expr","locations":[{"start":{"line":20,"column":18},"end":{"line":20,"column":25}},{"start":{"line":20,"column":18},"end":{"line":20,"column":25}}]},"2":{"loc":{"start":{"line":20,"column":30},"end":{"line":20,"column":42}},"type":"cond-expr","locations":[{"start":{"line":20,"column":35},"end":{"line":20,"column":37}},{"start":{"line":20,"column":30},"end":{"line":20,"column":42}}]},"3":{"loc":{"start":{"line":20,"column":30},"end":{"line":20,"column":37}},"type":"binary-expr","locations":[{"start":{"line":20,"column":30},"end":{"line":20,"column":37}},{"start":{"line":20,"column":30},"end":{"line":20,"column":37}}]},"4":{"loc":{"start":{"line":21,"column":38},"end":{"line":21,"column":47}},"type":"cond-expr","locations":[{"start":{"line":21,"column":43},"end":{"line":21,"column":45}},{"start":{"line":21,"column":38},"end":{"line":21,"column":47}}]},"5":{"loc":{"start":{"line":21,"column":38},"end":{"line":21,"column":45}},"type":"binary-expr","locations":[{"start":{"line":21,"column":38},"end":{"line":21,"column":45}},{"start":{"line":21,"column":38},"end":{"line":21,"column":45}}]},"6":{"loc":{"start":{"line":25,"column":14},"end":{"line":25,"column":68}},"type":"binary-expr","locations":[{"start":{"line":25,"column":14},"end":{"line":25,"column":49}},{"start":{"line":25,"column":53},"end":{"line":25,"column":68}}]}},"s":{"0":2,"1":2,"2":2,"3":12,"4":12,"5":12,"6":21,"7":84,"8":2},"f":{"0":12,"1":21,"2":84},"b":{"0":[0,12],"1":[12,12],"2":[0,12],"3":[12,12],"4":[0,12],"5":[12,12],"6":[21,1]}}
,"C:\\Users\\a318471.VAA\\source\\repos\\VAA\\DF\\front-end-test\\src\\components\\ui\\box.component.tsx": {"path":"C:\\Users\\a318471.VAA\\source\\repos\\VAA\\DF\\front-end-test\\src\\components\\ui\\box.component.tsx","statementMap":{"0":{"start":{"line":1,"column":0},"end":{"line":1,"column":32}},"1":{"start":{"line":2,"column":0},"end":{"line":2,"column":48}},"2":{"start":{"line":8,"column":2},"end":{"line":8,"column":60}},"3":{"start":{"line":11,"column":0},"end":{"line":11,"column":28}}},"fnMap":{"0":{"name":"BoxComponent","decl":{"start":{"line":7,"column":9},"end":{"line":7,"column":21}},"loc":{"start":{"line":7,"column":27},"end":{"line":9,"column":1}}}},"branchMap":{},"s":{"0":1,"1":1,"2":10,"3":1},"f":{"0":10},"b":{}}
,"C:\\Users\\a318471.VAA\\source\\repos\\VAA\\DF\\front-end-test\\src\\components\\ui\\image.component.tsx": {"path":"C:\\Users\\a318471.VAA\\source\\repos\\VAA\\DF\\front-end-test\\src\\components\\ui\\image.component.tsx","statementMap":{"0":{"start":{"line":1,"column":0},"end":{"line":1,"column":32}},"1":{"start":{"line":2,"column":0},"end":{"line":2,"column":50}},"2":{"start":{"line":9,"column":23},"end":{"line":17,"column":1}},"3":{"start":{"line":10,"column":2},"end":{"line":16,"column":4}},"4":{"start":{"line":19,"column":0},"end":{"line":19,"column":30}}},"fnMap":{"0":{"name":"(anonymous_6)","decl":{"start":{"line":9,"column":23},"end":{"line":9,"column":24}},"loc":{"start":{"line":9,"column":41},"end":{"line":17,"column":1}}}},"branchMap":{"0":{"loc":{"start":{"line":13,"column":11},"end":{"line":13,"column":45}},"type":"binary-expr","locations":[{"start":{"line":13,"column":11},"end":{"line":13,"column":24}},{"start":{"line":13,"column":28},"end":{"line":13,"column":45}}]},"1":{"loc":{"start":{"line":13,"column":11},"end":{"line":13,"column":24}},"type":"cond-expr","locations":[{"start":{"line":13,"column":16},"end":{"line":13,"column":18}},{"start":{"line":13,"column":11},"end":{"line":13,"column":24}}]},"2":{"loc":{"start":{"line":13,"column":11},"end":{"line":13,"column":18}},"type":"binary-expr","locations":[{"start":{"line":13,"column":11},"end":{"line":13,"column":18}},{"start":{"line":13,"column":11},"end":{"line":13,"column":18}}]}},"s":{"0":2,"1":2,"2":2,"3":130,"4":2},"f":{"0":130},"b":{"0":[130,1],"1":[0,130],"2":[130,130]}}
,"C:\\Users\\a318471.VAA\\source\\repos\\VAA\\DF\\front-end-test\\src\\components\\ui\\slider.component.tsx": {"path":"C:\\Users\\a318471.VAA\\source\\repos\\VAA\\DF\\front-end-test\\src\\components\\ui\\slider.component.tsx","statementMap":{"0":{"start":{"line":1,"column":0},"end":{"line":1,"column":32}},"1":{"start":{"line":2,"column":0},"end":{"line":2,"column":51}},"2":{"start":{"line":15,"column":2},"end":{"line":36,"column":4}},"3":{"start":{"line":39,"column":0},"end":{"line":39,"column":31}}},"fnMap":{"0":{"name":"SliderComponent","decl":{"start":{"line":14,"column":9},"end":{"line":14,"column":24}},"loc":{"start":{"line":14,"column":43},"end":{"line":37,"column":1}}}},"branchMap":{"0":{"loc":{"start":{"line":17,"column":18},"end":{"line":17,"column":27}},"type":"cond-expr","locations":[{"start":{"line":17,"column":23},"end":{"line":17,"column":25}},{"start":{"line":17,"column":18},"end":{"line":17,"column":27}}]},"1":{"loc":{"start":{"line":17,"column":18},"end":{"line":17,"column":25}},"type":"binary-expr","locations":[{"start":{"line":17,"column":18},"end":{"line":17,"column":25}},{"start":{"line":17,"column":18},"end":{"line":17,"column":25}}]},"2":{"loc":{"start":{"line":17,"column":30},"end":{"line":17,"column":42}},"type":"cond-expr","locations":[{"start":{"line":17,"column":35},"end":{"line":17,"column":37}},{"start":{"line":17,"column":30},"end":{"line":17,"column":42}}]},"3":{"loc":{"start":{"line":17,"column":30},"end":{"line":17,"column":37}},"type":"binary-expr","locations":[{"start":{"line":17,"column":30},"end":{"line":17,"column":37}},{"start":{"line":17,"column":30},"end":{"line":17,"column":37}}]},"4":{"loc":{"start":{"line":19,"column":14},"end":{"line":19,"column":25}},"type":"cond-expr","locations":[{"start":{"line":19,"column":19},"end":{"line":19,"column":21}},{"start":{"line":19,"column":14},"end":{"line":19,"column":25}}]},"5":{"loc":{"start":{"line":19,"column":14},"end":{"line":19,"column":21}},"type":"binary-expr","locations":[{"start":{"line":19,"column":14},"end":{"line":19,"column":21}},{"start":{"line":19,"column":14},"end":{"line":19,"column":21}}]},"6":{"loc":{"start":{"line":20,"column":13},"end":{"line":20,"column":23}},"type":"cond-expr","locations":[{"start":{"line":20,"column":18},"end":{"line":20,"column":20}},{"start":{"line":20,"column":13},"end":{"line":20,"column":23}}]},"7":{"loc":{"start":{"line":20,"column":13},"end":{"line":20,"column":20}},"type":"binary-expr","locations":[{"start":{"line":20,"column":13},"end":{"line":20,"column":20}},{"start":{"line":20,"column":13},"end":{"line":20,"column":20}}]},"8":{"loc":{"start":{"line":21,"column":13},"end":{"line":21,"column":23}},"type":"cond-expr","locations":[{"start":{"line":21,"column":18},"end":{"line":21,"column":20}},{"start":{"line":21,"column":13},"end":{"line":21,"column":23}}]},"9":{"loc":{"start":{"line":21,"column":13},"end":{"line":21,"column":20}},"type":"binary-expr","locations":[{"start":{"line":21,"column":13},"end":{"line":21,"column":20}},{"start":{"line":21,"column":13},"end":{"line":21,"column":20}}]},"10":{"loc":{"start":{"line":22,"column":15},"end":{"line":22,"column":27}},"type":"cond-expr","locations":[{"start":{"line":22,"column":20},"end":{"line":22,"column":22}},{"start":{"line":22,"column":15},"end":{"line":22,"column":27}}]},"11":{"loc":{"start":{"line":22,"column":15},"end":{"line":22,"column":22}},"type":"binary-expr","locations":[{"start":{"line":22,"column":15},"end":{"line":22,"column":22}},{"start":{"line":22,"column":15},"end":{"line":22,"column":22}}]},"12":{"loc":{"start":{"line":24,"column":12},"end":{"line":24,"column":21}},"type":"cond-expr","locations":[{"start":{"line":24,"column":17},"end":{"line":24,"column":19}},{"start":{"line":24,"column":12},"end":{"line":24,"column":21}}]},"13":{"loc":{"start":{"line":24,"column":12},"end":{"line":24,"column":19}},"type":"binary-expr","locations":[{"start":{"line":24,"column":12},"end":{"line":24,"column":19}},{"start":{"line":24,"column":12},"end":{"line":24,"column":19}}]},"14":{"loc":{"start":{"line":25,"column":18},"end":{"line":25,"column":42}},"type":"cond-expr","locations":[{"start":{"line":25,"column":23},"end":{"line":25,"column":25}},{"start":{"line":25,"column":18},"end":{"line":25,"column":42}}]},"15":{"loc":{"start":{"line":25,"column":18},"end":{"line":25,"column":25}},"type":"binary-expr","locations":[{"start":{"line":25,"column":18},"end":{"line":25,"column":25}},{"start":{"line":25,"column":18},"end":{"line":25,"column":25}}]},"16":{"loc":{"start":{"line":32,"column":45},"end":{"line":32,"column":57}},"type":"cond-expr","locations":[{"start":{"line":32,"column":50},"end":{"line":32,"column":52}},{"start":{"line":32,"column":45},"end":{"line":32,"column":57}}]},"17":{"loc":{"start":{"line":32,"column":45},"end":{"line":32,"column":52}},"type":"binary-expr","locations":[{"start":{"line":32,"column":45},"end":{"line":32,"column":52}},{"start":{"line":32,"column":45},"end":{"line":32,"column":52}}]}},"s":{"0":2,"1":2,"2":15,"3":2},"f":{"0":15},"b":{"0":[0,15],"1":[15,15],"2":[0,15],"3":[15,15],"4":[0,15],"5":[15,15],"6":[0,15],"7":[15,15],"8":[0,15],"9":[15,15],"10":[0,15],"11":[15,15],"12":[0,15],"13":[15,15],"14":[0,15],"15":[15,15],"16":[0,15],"17":[15,15]}}
,"C:\\Users\\a318471.VAA\\source\\repos\\VAA\\DF\\front-end-test\\src\\components\\ui\\star.component.tsx": {"path":"C:\\Users\\a318471.VAA\\source\\repos\\VAA\\DF\\front-end-test\\src\\components\\ui\\star.component.tsx","statementMap":{"0":{"start":{"line":1,"column":0},"end":{"line":1,"column":32}},"1":{"start":{"line":2,"column":0},"end":{"line":2,"column":49}},"2":{"start":{"line":8,"column":22},"end":{"line":10,"column":1}},"3":{"start":{"line":9,"column":2},"end":{"line":9,"column":65}},"4":{"start":{"line":12,"column":0},"end":{"line":12,"column":29}}},"fnMap":{"0":{"name":"(anonymous_6)","decl":{"start":{"line":8,"column":22},"end":{"line":8,"column":null}},"loc":{"start":{"line":8,"column":22},"end":{"line":10,"column":1}}}},"branchMap":{},"s":{"0":3,"1":3,"2":3,"3":546,"4":3},"f":{"0":546},"b":{}}
,"C:\\Users\\a318471.VAA\\source\\repos\\VAA\\DF\\front-end-test\\src\\components\\ui\\tag.component.tsx": {"path":"C:\\Users\\a318471.VAA\\source\\repos\\VAA\\DF\\front-end-test\\src\\components\\ui\\tag.component.tsx","statementMap":{"0":{"start":{"line":1,"column":0},"end":{"line":1,"column":32}},"1":{"start":{"line":3,"column":0},"end":{"line":3,"column":48}},"2":{"start":{"line":9,"column":15},"end":{"line":9,"column":25}},"3":{"start":{"line":10,"column":2},"end":{"line":16,"column":4}},"4":{"start":{"line":12,"column":25},"end":{"line":14,"column":8}},"5":{"start":{"line":8,"column":0},"end":{"line":8,"column":24}}},"fnMap":{"0":{"name":"TagComponent","decl":{"start":{"line":8,"column":24},"end":{"line":8,"column":36}},"loc":{"start":{"line":8,"column":52},"end":{"line":17,"column":1}}},"1":{"name":"(anonymous_7)","decl":{"start":{"line":12,"column":16},"end":{"line":12,"column":17}},"loc":{"start":{"line":12,"column":20},"end":{"line":12,"column":null}}}},"branchMap":{},"s":{"0":2,"1":2,"2":131,"3":131,"4":1161,"5":2},"f":{"0":131,"1":1161},"b":{}}
,"C:\\Users\\a318471.VAA\\source\\repos\\VAA\\DF\\front-end-test\\src\\consts\\search.ts": {"path":"C:\\Users\\a318471.VAA\\source\\repos\\VAA\\DF\\front-end-test\\src\\consts\\search.ts","statementMap":{"0":{"start":{"line":3,"column":13},"end":{"line":20,"column":null}}},"fnMap":{},"branchMap":{},"s":{"0":1},"f":{},"b":{}}
,"C:\\Users\\a318471.VAA\\source\\repos\\VAA\\DF\\front-end-test\\src\\context\\holiday.context.tsx": {"path":"C:\\Users\\a318471.VAA\\source\\repos\\VAA\\DF\\front-end-test\\src\\context\\holiday.context.tsx","statementMap":{"0":{"start":{"line":1,"column":0},"end":{"line":1,"column":47}},"1":{"start":{"line":5,"column":23},"end":{"line":5,"column":51}},"2":{"start":{"line":6,"column":9},"end":{"line":6,"column":23}}},"fnMap":{},"branchMap":{},"s":{"0":1,"1":1,"2":1},"f":{},"b":{}}
}
