TN:
SF:src\components\date.component.tsx
FN:20,(anonymous_6)
FNF:1
FNH:1
FNDA:1,(anonymous_6)
DA:2,1
DA:3,1
DA:4,1
DA:20,1
DA:21,1
DA:22,1
DA:23,1
DA:24,1
DA:26,1
LF:9
LH:9
BRDA:24,0,0,1
BRDA:24,0,1,0
BRDA:24,1,0,0
BRDA:24,1,1,1
BRDA:24,2,0,1
BRDA:24,2,1,1
BRDA:24,3,0,0
BRDA:24,3,1,1
BRDA:24,4,0,1
BRDA:24,4,1,1
BRDA:28,5,0,0
BRDA:28,5,1,1
BRDA:28,6,0,1
BRDA:28,6,1,1
BRDA:29,7,0,0
BRDA:29,7,1,1
BRDA:29,8,0,1
BRDA:29,8,1,1
BRDA:31,9,0,0
BRDA:31,9,1,1
BRDA:31,10,0,1
BRDA:31,10,1,1
BRDA:31,11,0,0
BRDA:31,11,1,1
BRDA:31,12,0,1
BRDA:31,12,1,1
BRDA:31,13,0,0
BRDA:31,13,1,1
BRDA:31,14,0,1
BRDA:31,14,1,1
BRF:30
BRH:22
end_of_record
TN:
SF:src\components\number.component.tsx
FN:15,(anonymous_6)
FNF:1
FNH:1
FNDA:2,(anonymous_6)
DA:2,1
DA:3,1
DA:15,1
DA:16,2
LF:4
LH:4
BRDA:18,0,0,0
BRDA:18,0,1,2
BRDA:18,1,0,2
BRDA:18,1,1,2
BRDA:19,2,0,0
BRDA:19,2,1,2
BRDA:19,3,0,2
BRDA:19,3,1,2
BRDA:21,4,0,0
BRDA:21,4,1,2
BRDA:21,5,0,2
BRDA:21,5,1,2
BRDA:21,6,0,0
BRDA:21,6,1,2
BRDA:21,7,0,2
BRDA:21,7,1,2
BRDA:21,8,0,0
BRDA:21,8,1,2
BRDA:21,9,0,2
BRDA:21,9,1,2
BRDA:21,10,0,0
BRDA:21,10,1,2
BRDA:21,11,0,2
BRDA:21,11,1,2
BRDA:21,12,0,0
BRDA:21,12,1,2
BRDA:21,13,0,2
BRDA:21,13,1,2
BRDA:21,14,0,0
BRDA:21,14,1,2
BRDA:21,15,0,2
BRDA:21,15,1,2
BRF:32
BRH:24
end_of_record
TN:
SF:src\components\select.component.tsx
FN:19,(anonymous_6)
FN:28,(anonymous_7)
FNF:2
FNH:2
FNDA:2,(anonymous_6)
FNDA:8,(anonymous_7)
DA:2,1
DA:3,1
DA:19,1
DA:20,2
DA:28,8
LF:5
LH:5
BRDA:22,0,0,0
BRDA:22,0,1,2
BRDA:22,1,0,2
BRDA:22,1,1,2
BRDA:23,2,0,0
BRDA:23,2,1,2
BRDA:23,3,0,2
BRDA:23,3,1,2
BRDA:25,4,0,0
BRDA:25,4,1,2
BRDA:25,5,0,2
BRDA:25,5,1,2
BRDA:25,6,0,0
BRDA:25,6,1,2
BRDA:25,7,0,2
BRDA:25,7,1,2
BRDA:25,8,0,0
BRDA:25,8,1,2
BRDA:25,9,0,2
BRDA:25,9,1,2
BRDA:28,10,0,0
BRDA:28,10,1,2
BRDA:28,11,0,2
BRDA:28,11,1,2
BRDA:28,12,0,0
BRDA:28,12,1,8
BRDA:28,13,0,8
BRDA:28,13,1,8
BRDA:28,14,0,0
BRDA:28,14,1,8
BRDA:28,15,0,8
BRDA:28,15,1,8
BRDA:28,16,0,0
BRDA:28,16,1,8
BRDA:28,17,0,8
BRDA:28,17,1,8
BRF:36
BRH:27
end_of_record
TN:
SF:src\components\filter\facilityfilter.component.tsx
FN:13,FacilityFilterComponent
FN:22,(anonymous_7)
FNF:2
FNH:2
FNDA:10,FacilityFilterComponent
FNDA:85,(anonymous_7)
DA:1,1
DA:3,1
DA:13,1
DA:16,10
DA:17,10
DA:18,10
DA:22,85
LF:7
LH:7
BRDA:20,0,0,0
BRDA:20,0,1,10
BRDA:20,1,0,10
BRDA:20,1,1,10
BRDA:20,2,0,0
BRDA:20,2,1,10
BRDA:20,3,0,10
BRDA:20,3,1,10
BRDA:21,4,0,0
BRDA:21,4,1,10
BRDA:21,5,0,10
BRDA:21,5,1,10
BRDA:25,6,0,85
BRDA:25,6,1,0
BRF:14
BRH:10
end_of_record
TN:
SF:src\components\filter\hotelcard.component.tsx
FN:11,HotelCardComponent
FN:23,(anonymous_10)
FNF:2
FNH:2
FNDA:125,HotelCardComponent
FNDA:460,(anonymous_10)
DA:1,1
DA:2,1
DA:3,1
DA:4,1
DA:5,1
DA:12,125
DA:13,125
DA:23,460
DA:42,1
LF:9
LH:9
BRDA:22,0,0,125
BRDA:22,0,1,105
BRDA:22,1,0,0
BRDA:22,1,1,125
BRDA:22,2,0,125
BRDA:22,2,1,125
BRDA:32,3,0,125
BRDA:32,3,1,110
BRDA:32,4,0,0
BRDA:32,4,1,125
BRDA:32,5,0,125
BRDA:32,5,1,125
BRF:12
BRH:10
end_of_record
TN:
SF:src\components\filter\hotelfilter.component.tsx
FN:13,(anonymous_9)
FN:27,(anonymous_10)
FN:30,(anonymous_11)
FN:34,(anonymous_12)
FN:35,(anonymous_13)
FN:43,(anonymous_14)
FN:53,(anonymous_15)
FN:61,(anonymous_16)
FN:64,(anonymous_17)
FN:71,(anonymous_18)
FN:76,(anonymous_19)
FN:78,(anonymous_20)
FN:91,(anonymous_21)
FN:100,(anonymous_22)
FN:106,(anonymous_23)
FN:113,(anonymous_24)
FN:118,(anonymous_25)
FN:172,(anonymous_26)
FNF:18
FNH:12
FNDA:10,(anonymous_9)
FNDA:5,(anonymous_10)
FNDA:5,(anonymous_11)
FNDA:125,(anonymous_12)
FNDA:1155,(anonymous_13)
FNDA:125,(anonymous_14)
FNDA:125,(anonymous_15)
FNDA:5,(anonymous_16)
FNDA:125,(anonymous_17)
FNDA:125,(anonymous_18)
FNDA:125,(anonymous_19)
FNDA:0,(anonymous_20)
FNDA:0,(anonymous_21)
FNDA:0,(anonymous_22)
FNDA:0,(anonymous_23)
FNDA:0,(anonymous_24)
FNDA:0,(anonymous_25)
FNDA:125,(anonymous_26)
DA:1,1
DA:2,1
DA:4,1
DA:5,1
DA:6,1
DA:7,1
DA:8,1
DA:9,1
DA:11,1
DA:13,1
DA:14,10
DA:15,10
DA:17,10
DA:18,10
DA:20,10
DA:21,10
DA:24,10
DA:25,10
DA:27,10
DA:28,5
DA:30,10
DA:31,5
DA:32,5
DA:33,5
DA:34,125
DA:36,1155
DA:39,5
DA:41,5
DA:42,5
DA:44,125
DA:45,125
DA:49,5
DA:51,5
DA:52,5
DA:54,125
DA:55,125
DA:57,5
DA:61,10
DA:62,5
DA:65,125
DA:72,125
DA:77,125
DA:78,0
DA:91,10
DA:93,0
DA:94,0
DA:95,0
DA:97,0
DA:99,0
DA:100,0
DA:102,0
DA:106,10
DA:107,0
DA:108,0
DA:109,0
DA:110,0
DA:113,10
DA:114,0
DA:115,0
DA:116,0
DA:117,0
DA:118,0
DA:121,0
DA:125,10
DA:172,125
DA:181,1
LF:66
LH:48
BRDA:31,0,0,5
BRDA:31,1,0,5
BRDA:31,1,1,5
BRDA:33,2,0,5
BRDA:33,2,1,5
BRDA:34,3,0,0
BRDA:34,3,1,125
BRDA:34,4,0,125
BRDA:34,4,1,125
BRDA:34,5,0,0
BRDA:34,5,1,125
BRDA:34,6,0,125
BRDA:34,6,1,125
BRDA:35,7,0,0
BRDA:35,7,1,125
BRDA:35,8,0,125
BRDA:35,8,1,125
BRDA:36,9,0,85
BRDA:36,9,1,1070
BRDA:42,10,0,5
BRDA:42,10,1,5
BRDA:44,11,0,0
BRDA:44,11,1,125
BRDA:44,12,0,125
BRDA:44,12,1,125
BRDA:45,13,0,125
BRDA:45,13,1,105
BRDA:45,13,2,15
BRDA:45,14,0,0
BRDA:45,14,1,125
BRDA:45,15,0,125
BRDA:45,15,1,125
BRDA:49,16,0,0
BRDA:49,16,1,5
BRDA:49,17,0,5
BRDA:49,17,1,5
BRDA:52,18,0,5
BRDA:52,18,1,5
BRDA:55,19,0,125
BRDA:55,19,1,125
BRDA:55,19,2,115
BRDA:55,20,0,0
BRDA:55,20,1,125
BRDA:55,21,0,125
BRDA:55,21,1,125
BRDA:65,22,0,0
BRDA:65,22,1,125
BRDA:66,23,0,0
BRDA:66,23,1,0
BRDA:66,24,0,0
BRDA:66,24,1,0
BRDA:66,25,0,0
BRDA:66,25,1,0
BRDA:66,26,0,0
BRDA:66,26,1,0
BRDA:66,27,0,0
BRDA:66,27,1,0
BRDA:66,28,0,0
BRDA:66,28,1,0
BRDA:67,29,0,0
BRDA:67,29,1,0
BRDA:67,30,0,0
BRDA:67,30,1,0
BRDA:72,31,0,0
BRDA:72,31,1,125
BRDA:77,32,0,0
BRDA:77,32,1,125
BRDA:78,33,0,0
BRDA:78,33,1,0
BRDA:78,34,0,0
BRDA:78,34,1,0
BRDA:79,35,0,0
BRDA:79,35,1,0
BRDA:79,36,0,0
BRDA:79,36,1,0
BRDA:94,37,0,0
BRDA:94,37,1,0
BRDA:99,38,0,0
BRDA:99,38,1,0
BRDA:116,39,0,0
BRDA:116,39,1,0
BRDA:143,40,0,0
BRDA:143,40,1,10
BRF:83
BRH:42
end_of_record
TN:
SF:src\components\filter\starratingfilter.component.tsx
FN:13,StarRatingFilterComponent
FN:22,(anonymous_10)
FN:31,(anonymous_11)
FNF:3
FNH:3
FNDA:12,StarRatingFilterComponent
FNDA:21,(anonymous_10)
FNDA:84,(anonymous_11)
DA:1,2
DA:3,2
DA:4,2
DA:13,2
DA:16,12
DA:17,12
DA:18,12
DA:22,21
DA:31,84
LF:9
LH:9
BRDA:20,0,0,0
BRDA:20,0,1,12
BRDA:20,1,0,12
BRDA:20,1,1,12
BRDA:20,2,0,0
BRDA:20,2,1,12
BRDA:20,3,0,12
BRDA:20,3,1,12
BRDA:21,4,0,0
BRDA:21,4,1,12
BRDA:21,5,0,12
BRDA:21,5,1,12
BRDA:25,6,0,21
BRDA:25,6,1,1
BRF:14
BRH:11
end_of_record
TN:
SF:src\components\ui\box.component.tsx
FN:7,BoxComponent
FNF:1
FNH:1
FNDA:10,BoxComponent
DA:1,1
DA:2,1
DA:8,10
DA:11,1
LF:4
LH:4
BRF:0
BRH:0
end_of_record
TN:
SF:src\components\ui\image.component.tsx
FN:9,(anonymous_6)
FNF:1
FNH:1
FNDA:130,(anonymous_6)
DA:1,2
DA:2,2
DA:9,2
DA:10,130
DA:19,2
LF:5
LH:5
BRDA:13,0,0,130
BRDA:13,0,1,1
BRDA:13,1,0,0
BRDA:13,1,1,130
BRDA:13,2,0,130
BRDA:13,2,1,130
BRF:6
BRH:5
end_of_record
TN:
SF:src\components\ui\slider.component.tsx
FN:14,SliderComponent
FNF:1
FNH:1
FNDA:15,SliderComponent
DA:1,2
DA:2,2
DA:15,15
DA:39,2
LF:4
LH:4
BRDA:17,0,0,0
BRDA:17,0,1,15
BRDA:17,1,0,15
BRDA:17,1,1,15
BRDA:17,2,0,0
BRDA:17,2,1,15
BRDA:17,3,0,15
BRDA:17,3,1,15
BRDA:19,4,0,0
BRDA:19,4,1,15
BRDA:19,5,0,15
BRDA:19,5,1,15
BRDA:20,6,0,0
BRDA:20,6,1,15
BRDA:20,7,0,15
BRDA:20,7,1,15
BRDA:21,8,0,0
BRDA:21,8,1,15
BRDA:21,9,0,15
BRDA:21,9,1,15
BRDA:22,10,0,0
BRDA:22,10,1,15
BRDA:22,11,0,15
BRDA:22,11,1,15
BRDA:24,12,0,0
BRDA:24,12,1,15
BRDA:24,13,0,15
BRDA:24,13,1,15
BRDA:25,14,0,0
BRDA:25,14,1,15
BRDA:25,15,0,15
BRDA:25,15,1,15
BRDA:32,16,0,0
BRDA:32,16,1,15
BRDA:32,17,0,15
BRDA:32,17,1,15
BRF:36
BRH:27
end_of_record
TN:
SF:src\components\ui\star.component.tsx
FN:8,(anonymous_6)
FNF:1
FNH:1
FNDA:546,(anonymous_6)
DA:1,3
DA:2,3
DA:8,3
DA:9,546
DA:12,3
LF:5
LH:5
BRF:0
BRH:0
end_of_record
TN:
SF:src\components\ui\tag.component.tsx
FN:8,TagComponent
FN:12,(anonymous_7)
FNF:2
FNH:2
FNDA:131,TagComponent
FNDA:1161,(anonymous_7)
DA:1,2
DA:3,2
DA:8,2
DA:9,131
DA:10,131
DA:12,1161
LF:6
LH:6
BRF:0
BRH:0
end_of_record
TN:
SF:src\consts\search.ts
FNF:0
FNH:0
DA:3,1
LF:1
LH:1
BRF:0
BRH:0
end_of_record
TN:
SF:src\context\holiday.context.tsx
FNF:0
FNH:0
DA:1,1
DA:5,1
DA:6,1
LF:3
LH:3
BRF:0
BRH:0
end_of_record
